<?xml version="1.0" encoding="UTF-8"?>
<testsuite name="com.core.oop.EmployeeTest" tests="29" skipped="0" failures="0" errors="0" timestamp="2018-07-05T11:42:04" hostname="MAVERICK" time="0.297">
  <properties/>
  <testcase name="compareTo()" classname="com.core.oop.EmployeeTest" time="0.005"/>
  <testcase name="clonee()" classname="com.core.oop.EmployeeTest" time="0.001"/>
  <testcase name="equals()[1]" classname="com.core.oop.EmployeeTest" time="0.001"/>
  <testcase name="equals()[2]" classname="com.core.oop.EmployeeTest" time="0.0"/>
  <testcase name="equals()[3]" classname="com.core.oop.EmployeeTest" time="0.001"/>
  <testcase name="equals()[4]" classname="com.core.oop.EmployeeTest" time="0.001"/>
  <testcase name="equals()[5]" classname="com.core.oop.EmployeeTest" time="0.002"/>
  <testcase name="raiseSalary()" classname="com.core.oop.EmployeeTest" time="0.002"/>
  <testcase name="earnings()" classname="com.core.oop.EmployeeTest" time="0.002"/>
  <testcase name="getPaymentAmount()" classname="com.core.oop.EmployeeTest" time="0.002"/>
  <testcase name="getDept(Department)[1]" classname="com.core.oop.EmployeeTest" time="0.0"/>
  <testcase name="getName(String)[1]" classname="com.core.oop.EmployeeTest" time="0.002"/>
  <testcase name="getType(Type)[1]" classname="com.core.oop.EmployeeTest" time="0.001"/>
  <testcase name="toStringX()" classname="com.core.oop.EmployeeTest" time="0.074"/>
  <testcase name="getNameX(int, String)[1]" classname="com.core.oop.EmployeeTest" time="0.0"/>
  <testcase name="getNameX(int, String)[2]" classname="com.core.oop.EmployeeTest" time="0.001"/>
  <testcase name="getNameX(int, String)[3]" classname="com.core.oop.EmployeeTest" time="0.016"/>
  <testcase name="getNameX(int, String)[4]" classname="com.core.oop.EmployeeTest" time="0.001"/>
  <testcase name="getNameX(int, String)[5]" classname="com.core.oop.EmployeeTest" time="0.001"/>
  <testcase name="getNameX(int, String)[6]" classname="com.core.oop.EmployeeTest" time="0.001"/>
  <testcase name="getNameX(int, String)[7]" classname="com.core.oop.EmployeeTest" time="0.004"/>
  <testcase name="getNameX(int, String)[8]" classname="com.core.oop.EmployeeTest" time="0.001"/>
  <testcase name="getNameX(int, String)[9]" classname="com.core.oop.EmployeeTest" time="0.001"/>
  <testcase name="getNameX(int, String)[10]" classname="com.core.oop.EmployeeTest" time="0.002"/>
  <testcase name="getNameX(int, String)[11]" classname="com.core.oop.EmployeeTest" time="0.002"/>
  <testcase name="getNameX(int, String)[12]" classname="com.core.oop.EmployeeTest" time="0.002"/>
  <testcase name="getNameX(int, String)[13]" classname="com.core.oop.EmployeeTest" time="0.003"/>
  <testcase name="getNameX(int, String)[14]" classname="com.core.oop.EmployeeTest" time="0.001"/>
  <testcase name="getNameX(int, String)[15]" classname="com.core.oop.EmployeeTest" time="0.001"/>
  <system-out><![CDATA[test data is ready & OK]]></system-out>
  <system-err><![CDATA[]]></system-err>
</testsuite>
