<?xml version="1.0" encoding="UTF-8"?>
<testsuite name="com.core.oop.EmployeeTest$ConstructorCases" tests="3" skipped="0" failures="0" errors="0" timestamp="2018-07-05T11:42:04" hostname="MAVERICK" time="0.02">
  <properties/>
  <testcase name="testClassCastException()" classname="com.core.oop.EmployeeTest$ConstructorCases" time="0.003"/>
  <testcase name="testEmployeeName()" classname="com.core.oop.EmployeeTest$ConstructorCases" time="0.005"/>
  <testcase name="testEmployeeSalary()" classname="com.core.oop.EmployeeTest$ConstructorCases" time="0.009"/>
  <system-out><![CDATA[]]></system-out>
  <system-err><![CDATA[]]></system-err>
</testsuite>
